<?xml version="1.0" encoding="UTF-8"?>
<!-- Generated by org.testng.reporters.JUnitReportReporter -->
<testsuite hostname="Ramesh-P-MacBook-Air.local" failures="0" tests="1" name="testCases.MoneyRequest.MoneyRequestCreateOUP" time="198.209" errors="0" timestamp="2021-09-03T13:27:45 IST" skipped="0">
  <testcase classname="testCases.MoneyRequest.MoneyRequestCreateOUP" name="TC001_MoneyrequestWithoutMandatoryfields" time="198.209"/>
  <system-out/>
</testsuite> <!-- testCases.MoneyRequest.MoneyRequestCreateOUP -->
