<?xml version="1.0" encoding="UTF-8"?>
<!-- Generated by org.testng.reporters.JUnitReportReporter -->
<testsuite hostname="Ramesh-P-Air" failures="0" tests="1" name="testCases.Expense.CreateExpenseTestOUP" time="140.612" errors="0" timestamp="2021-09-06T13:43:31 IST" skipped="0">
  <testcase classname="testCases.Expense.CreateExpenseTestOUP" name="TC032_CreateExpenseWithCopyConfigured" time="140.612"/>
  <system-out/>
</testsuite> <!-- testCases.Expense.CreateExpenseTestOUP -->
